2023-08-16 00:08:626 INFO  HomePage :32 - Welcome to Virgin Games Text :[[ChromeDriver: chrome on windows (1a3df29fc296df98ee6abe1d5b4021b6)] -> xpath: //h1[contains(text(),'Welcome to Virgin Games')]]
2023-08-16 00:08:870 INFO  HomePage :37 - click on casino Tab:[[ChromeDriver: chrome on windows (3dfc2c95a3ec036175ac415f43065d8f)] -> xpath: //a[@title='Casino']]
2023-08-16 00:08:787 INFO  CasinoPage :23 - verify Casino welcome Text[[ChromeDriver: chrome on windows (3dfc2c95a3ec036175ac415f43065d8f)] -> xpath: //h1[contains(text(),'Play Online Casino Games, with Many Classics to Ch')]]
2023-08-16 01:08:700 INFO  HomePage :32 - Welcome to Virgin Games Text :[[ChromeDriver: chrome on windows (1fea6bdee1a4846b0ecb718d509292e2)] -> xpath: //h1[contains(text(),'Welcome to Virgin Games')]]
2023-08-16 01:08:681 INFO  HomePage :37 - click on casino Tab:[[ChromeDriver: chrome on windows (43527613d29952f927d70f4562e8033f)] -> xpath: //a[@title='Casino']]
2023-08-16 01:08:33 INFO  CasinoPage :23 - verify Casino welcome Text[[ChromeDriver: chrome on windows (43527613d29952f927d70f4562e8033f)] -> xpath: //h1[contains(text(),'Play Online Casino Games, with Many Classics to Ch')]]
2023-08-16 01:08:654 INFO  HomePage :32 - Welcome to Virgin Games Text :[[ChromeDriver: chrome on windows (319a65e7459450166432163471b8f2f5)] -> xpath: //h1[contains(text(),'Welcome to Virgin Games')]]
2023-08-16 01:08:360 INFO  HomePage :37 - click on casino Tab:[[ChromeDriver: chrome on windows (a16d86ab5802f08855eb938ad3ffb63d)] -> xpath: //a[@title='Casino']]
2023-08-16 01:08:908 INFO  CasinoPage :23 - verify Casino welcome Text[[ChromeDriver: chrome on windows (a16d86ab5802f08855eb938ad3ffb63d)] -> xpath: //h1[contains(text(),'Play Online Casino Games, with Many Classics to Ch')]]
2023-08-16 02:08:946 INFO  HomePage :37 - click on casino Tab:[[ChromeDriver: chrome on windows (6b125001c78f6e805da5aec6bff62223)] -> xpath: //a[@title='Casino']]
2023-08-16 02:08:142 INFO  CasinoPage :23 - verify Casino welcome Text[[ChromeDriver: chrome on windows (6b125001c78f6e805da5aec6bff62223)] -> xpath: //h1[contains(text(),'Play Online Casino Games, with Many Classics to Ch')]]
2023-08-16 02:08:211 INFO  HomePage :32 - Welcome to Virgin Games Text :[[ChromeDriver: chrome on windows (6c445bfe78b7d0c70f1b5d0bb1b1af07)] -> xpath: //h1[contains(text(),'Welcome to Virgin Games')]]
2023-08-16 02:08:17 INFO  HomePage :37 - click on casino Tab:[[ChromeDriver: chrome on windows (58ba31c3b983efc2b32990d4655527d6)] -> xpath: //a[@title='Casino']]
2023-08-16 02:08:992 INFO  CasinoPage :23 - verify Casino welcome Text[[ChromeDriver: chrome on windows (58ba31c3b983efc2b32990d4655527d6)] -> xpath: //h1[contains(text(),'Play Online Casino Games, with Many Classics to Ch')]]
2023-08-16 17:08:148 INFO  HomePage :32 - Welcome to Virgin Games Text :[[FirefoxDriver: firefox on windows (3a91ba08-c06c-4c66-aa78-6260fbd92738)] -> xpath: //h1[contains(text(),'Welcome to Virgin Games')]]
2023-08-16 17:08:521 INFO  HomePage :37 - click on casino Tab:[[FirefoxDriver: firefox on windows (03fbad42-9596-492f-9200-004d2c3991f4)] -> xpath: //a[@title='Casino']]
2023-08-16 17:08:486 INFO  CasinoPage :23 - verify Casino welcome Text[[FirefoxDriver: firefox on windows (03fbad42-9596-492f-9200-004d2c3991f4)] -> xpath: //h1[contains(text(),'Play Online Casino Games, with Many Classics to Ch')]]
2023-08-16 18:08:207 INFO  HomePage :32 - Welcome to Virgin Games Text :[[FirefoxDriver: firefox on windows (aa6bf067-9f28-468f-a64b-43b2b99ea515)] -> xpath: //h1[contains(text(),'Welcome to Virgin Games')]]
2023-08-16 18:08:913 INFO  HomePage :37 - click on casino Tab:[[FirefoxDriver: firefox on windows (292ee82c-a6d5-470e-bd46-0cff956b8600)] -> xpath: //a[@title='Casino']]
2023-08-16 18:08:90 INFO  CasinoPage :23 - verify Casino welcome Text[[FirefoxDriver: firefox on windows (292ee82c-a6d5-470e-bd46-0cff956b8600)] -> xpath: //h1[contains(text(),'Play Online Casino Games, with Many Classics to Ch')]]
2023-08-16 18:08:125 INFO  HomePage :32 - Welcome to Virgin Games Text :[[FirefoxDriver: firefox on windows (fa7a9ac3-3a0a-4796-976e-1c6a4353fe3b)] -> xpath: //h1[contains(text(),'Welcome to Virgin Games')]]
2023-08-16 18:08:146 INFO  HomePage :37 - click on casino Tab:[[FirefoxDriver: firefox on windows (ca1027ee-bb8f-4801-93ba-2c21759c87fe)] -> xpath: //a[@title='Casino']]
2023-08-16 18:08:546 INFO  CasinoPage :23 - verify Casino welcome Text[[FirefoxDriver: firefox on windows (ca1027ee-bb8f-4801-93ba-2c21759c87fe)] -> xpath: //h1[contains(text(),'Play Online Casino Games, with Many Classics to Ch')]]
2023-08-16 18:08:497 INFO  HomePage :32 - Welcome to Virgin Games Text :[[FirefoxDriver: firefox on windows (21e5ea9f-b190-4c35-925c-19e4b40d7d22)] -> xpath: //h1[contains(text(),'Welcome to Virgin Games')]]
2023-08-16 18:08:256 INFO  HomePage :37 - click on casino Tab:[[FirefoxDriver: firefox on windows (3e2f90d6-8de2-4481-bd04-8b4918b4a5bd)] -> xpath: //a[@title='Casino']]
2023-08-16 18:08:693 INFO  CasinoPage :23 - verify Casino welcome Text[[FirefoxDriver: firefox on windows (3e2f90d6-8de2-4481-bd04-8b4918b4a5bd)] -> xpath: //h1[contains(text(),'Play Online Casino Games, with Many Classics to Ch')]]
2023-08-16 19:08:229 INFO  HomePage :32 - Welcome to Virgin Games Text :[[FirefoxDriver: firefox on WINDOWS (3bcb6efc-d40e-4d1f-a71b-4c1c16fd6b90)] -> xpath: //h1[contains(text(),'Welcome to Virgin Games')]]
2023-08-16 19:08:808 INFO  HomePage :37 - click on casino Tab:[[FirefoxDriver: firefox on WINDOWS (ddf9226e-7ff2-4ee6-8143-ddbd4d2e573d)] -> xpath: //a[@title='Casino']]
2023-08-16 19:08:703 INFO  CasinoPage :23 - verify Casino welcome Text[[FirefoxDriver: firefox on WINDOWS (ddf9226e-7ff2-4ee6-8143-ddbd4d2e573d)] -> xpath: //h1[contains(text(),'Play Online Casino Games, with Many Classics to Ch')]]
2023-08-16 19:08:252 INFO  HomePage :32 - Welcome to Virgin Games Text :[[FirefoxDriver: firefox on WINDOWS (47aecd00-007f-4243-862b-9fbef8297366)] -> xpath: //h1[contains(text(),'Welcome to Virgin Games')]]
2023-08-16 19:08:978 INFO  HomePage :37 - click on casino Tab:[[FirefoxDriver: firefox on WINDOWS (2bd81886-39d0-4ab9-8925-dd2f008083b1)] -> xpath: //a[@title='Casino']]
2023-08-16 19:08:223 INFO  CasinoPage :23 - verify Casino welcome Text[[FirefoxDriver: firefox on WINDOWS (2bd81886-39d0-4ab9-8925-dd2f008083b1)] -> xpath: //h1[contains(text(),'Play Online Casino Games, with Many Classics to Ch')]]
2023-08-16 19:08:438 INFO  HomePage :32 - Welcome to Virgin Games Text :[[FirefoxDriver: firefox on WINDOWS (fe519f6e-224c-4983-8913-a986e515fe5c)] -> xpath: //h1[contains(text(),'Welcome to Virgin Games')]]
2023-08-16 19:08:283 INFO  HomePage :37 - click on casino Tab:[[FirefoxDriver: firefox on WINDOWS (75f44ac9-110d-4f1f-8194-613ac8bd3018)] -> xpath: //a[@title='Casino']]
2023-08-16 19:08:449 INFO  CasinoPage :23 - verify Casino welcome Text[[FirefoxDriver: firefox on WINDOWS (75f44ac9-110d-4f1f-8194-613ac8bd3018)] -> xpath: //h1[contains(text(),'Play Online Casino Games, with Many Classics to Ch')]]
2023-08-16 19:08:878 INFO  HomePage :32 - Welcome to Virgin Games Text :[[FirefoxDriver: firefox on WINDOWS (63cd11d9-776c-4425-80f5-fac15117ba86)] -> xpath: //h1[contains(text(),'Welcome to Virgin Games')]]
2023-08-16 19:08:459 INFO  HomePage :37 - click on casino Tab:[[FirefoxDriver: firefox on WINDOWS (856bbb02-6849-4f42-91ea-4f9ece908a8b)] -> xpath: //a[@title='Casino']]
2023-08-16 19:08:359 INFO  CasinoPage :23 - verify Casino welcome Text[[FirefoxDriver: firefox on WINDOWS (856bbb02-6849-4f42-91ea-4f9ece908a8b)] -> xpath: //h1[contains(text(),'Play Online Casino Games, with Many Classics to Ch')]]
2023-08-16 19:08:980 INFO  HomePage :32 - Welcome to Virgin Games Text :[[FirefoxDriver: firefox on WINDOWS (317279a6-d6ea-4dac-b06a-5b01efc702dd)] -> xpath: //h1[contains(text(),'Welcome to Virgin Games')]]
2023-08-16 19:08:372 INFO  HomePage :37 - click on casino Tab:[[FirefoxDriver: firefox on WINDOWS (2604b91b-c244-4343-87e3-d0c116d477df)] -> xpath: //a[@title='Casino']]
2023-08-16 19:08:410 INFO  CasinoPage :23 - verify Casino welcome Text[[FirefoxDriver: firefox on WINDOWS (2604b91b-c244-4343-87e3-d0c116d477df)] -> xpath: //h1[contains(text(),'Play Online Casino Games, with Many Classics to Ch')]]
2023-08-16 22:08:623 INFO  HomePage :42 - Accept Cookies:[[FirefoxDriver: firefox on WINDOWS (809f6bb7-f598-492c-bf76-3989ca0aac74)] -> xpath: //label[contains(text(),'Accept')]]
2023-08-16 22:08:710 INFO  HomePage :32 - Welcome to Virgin Games Text :[[FirefoxDriver: firefox on WINDOWS (809f6bb7-f598-492c-bf76-3989ca0aac74)] -> xpath: //h1[contains(text(),'Welcome to Virgin Games')]]
2023-08-16 22:08:244 INFO  HomePage :42 - Accept Cookies:[[FirefoxDriver: firefox on WINDOWS (9214520c-9547-4098-9204-cebeec3fcd79)] -> xpath: //label[contains(text(),'Accept')]]
2023-08-16 22:08:81 INFO  HomePage :37 - click on casino Tab:[[FirefoxDriver: firefox on WINDOWS (9214520c-9547-4098-9204-cebeec3fcd79)] -> xpath: //a[@title='Casino']]
2023-08-16 22:08:35 INFO  CasinoPage :23 - verify Casino welcome Text[[FirefoxDriver: firefox on WINDOWS (9214520c-9547-4098-9204-cebeec3fcd79)] -> xpath: //h1[contains(text(),'Play Online Casino Games, with Many Classics to Ch')]]
2023-08-16 22:08:173 INFO  HomePage :42 - Accept Cookies:[[FirefoxDriver: firefox on WINDOWS (981e841b-f48f-43f6-b051-bb7088eb33c6)] -> xpath: //label[contains(text(),'Accept')]]
2023-08-16 22:08:739 INFO  HomePage :32 - Welcome to Virgin Games Text :[[FirefoxDriver: firefox on WINDOWS (981e841b-f48f-43f6-b051-bb7088eb33c6)] -> xpath: //h1[contains(text(),'Welcome to Virgin Games')]]
2023-08-16 22:08:630 INFO  HomePage :42 - Accept Cookies:[[FirefoxDriver: firefox on WINDOWS (99f024ed-9efd-43fa-81bb-d4c04bc14fb7)] -> xpath: //label[contains(text(),'Accept')]]
2023-08-16 22:08:637 INFO  HomePage :37 - click on casino Tab:[[FirefoxDriver: firefox on WINDOWS (99f024ed-9efd-43fa-81bb-d4c04bc14fb7)] -> xpath: //a[@title='Casino']]
2023-08-16 22:08:636 INFO  CasinoPage :23 - verify Casino welcome Text[[FirefoxDriver: firefox on WINDOWS (99f024ed-9efd-43fa-81bb-d4c04bc14fb7)] -> xpath: //h1[contains(text(),'Play Online Casino Games, with Many Classics to Ch')]]
2023-08-18 18:08:71 INFO  HomePage :42 - Accept Cookies:[[FirefoxDriver: firefox on WINDOWS (5f50effc-5a8f-4ded-972b-c972d7d9c404)] -> xpath: //label[contains(text(),'Accept')]]
2023-08-18 18:08:188 INFO  HomePage :32 - Welcome to Virgin Games Text :[[FirefoxDriver: firefox on WINDOWS (5f50effc-5a8f-4ded-972b-c972d7d9c404)] -> xpath: //h1[contains(text(),'Welcome to Virgin Games')]]
2023-08-18 18:08:821 INFO  HomePage :42 - Accept Cookies:[[FirefoxDriver: firefox on WINDOWS (f28154f6-d0c8-486e-a661-8df03df3b6e3)] -> xpath: //label[contains(text(),'Accept')]]
2023-08-18 18:08:238 INFO  HomePage :37 - click on casino Tab:[[FirefoxDriver: firefox on WINDOWS (f28154f6-d0c8-486e-a661-8df03df3b6e3)] -> xpath: //a[@title='Casino']]
2023-08-18 18:08:325 INFO  CasinoPage :23 - verify Casino welcome Text[[FirefoxDriver: firefox on WINDOWS (f28154f6-d0c8-486e-a661-8df03df3b6e3)] -> xpath: //h1[contains(text(),'Play Online Casino Games, with Many Classics to Ch')]]
2023-08-18 22:08:164 INFO  HomePage :42 - Accept Cookies:[[FirefoxDriver: firefox on WINDOWS (b9d59862-2696-4a4f-aa9c-ef35e28b75d9)] -> xpath: //label[contains(text(),'Accept')]]
2023-08-18 22:08:764 INFO  HomePage :32 - Welcome to Virgin Games Text :[[FirefoxDriver: firefox on WINDOWS (b9d59862-2696-4a4f-aa9c-ef35e28b75d9)] -> xpath: //h1[contains(text(),'Welcome to Virgin Games')]]
2023-08-18 22:08:608 INFO  HomePage :42 - Accept Cookies:[[FirefoxDriver: firefox on WINDOWS (5796f8fe-803d-4b7c-a5ca-74e5eccef5e6)] -> xpath: //label[contains(text(),'Accept')]]
2023-08-18 22:08:501 INFO  HomePage :37 - click on casino Tab:[[FirefoxDriver: firefox on WINDOWS (5796f8fe-803d-4b7c-a5ca-74e5eccef5e6)] -> xpath: //a[@title='Casino']]
2023-08-18 22:08:873 INFO  CasinoPage :23 - verify Casino welcome Text[[FirefoxDriver: firefox on WINDOWS (5796f8fe-803d-4b7c-a5ca-74e5eccef5e6)] -> xpath: //h1[contains(text(),'Play Online Casino Games, with Many Classics to Ch')]]
